<?xml version="1.0" encoding="UTF-8"?>
<!-- Generated by org.testng.reporters.JUnitXMLReporter -->
<testsuite hostname="MARMO-SOLUTIONS" ignored="0" tests="3" failures="1" timestamp="09 Aug 2020 06:54:12 GMT" time="42.001" errors="0">
  <testcase name="Sign_Up" time="0.029" classname="Signup">
    <failure type="java.lang.NullPointerException">
      <![CDATA[java.lang.NullPointerException
at org.openqa.selenium.support.ui.Select.<init>(Select.java:45)
at Pages.Signup_Main.signup(Signup_Main.java:63)
at Signup.Sign_Up(Signup.java:30)
... Removed 25 stack frames]]>
    </failure>
  </testcase> <!-- Sign_Up -->
  <testcase name="FirstPageTest1" time="5.199" classname="FirstPage"/>
  <testcase name="Login" time="2.358" classname="Sign_negativeCase"/>
</testsuite>
