<?xml version="1.0" encoding="UTF-8"?>
<testng-results skipped="0" failed="0" ignored="0" total="1" passed="1">
  <reporter-output>
  </reporter-output>
  <suite name="Default suite" duration-ms="24575" started-at="2020-08-09T08:12:07Z" finished-at="2020-08-09T08:12:31Z">
    <groups>
    </groups>
    <test name="Default test" duration-ms="24575" started-at="2020-08-09T08:12:07Z" finished-at="2020-08-09T08:12:31Z">
      <class name="Signup">
        <test-method status="PASS" signature="Setup()[pri:0, instance:Signup@3159c4b8]" name="Setup" is-config="true" duration-ms="12122" started-at="2020-08-09T08:12:07Z" finished-at="2020-08-09T08:12:19Z">
          <reporter-output>
          </reporter-output>
        </test-method> <!-- Setup -->
        <test-method status="PASS" signature="Sign_Up()[pri:0, instance:Signup@3159c4b8]" name="Sign_Up" duration-ms="7979" started-at="2020-08-09T08:12:19Z" finished-at="2020-08-09T08:12:27Z">
          <reporter-output>
          </reporter-output>
        </test-method> <!-- Sign_Up -->
        <test-method status="PASS" signature="tearDown()[pri:0, instance:Signup@3159c4b8]" name="tearDown" is-config="true" duration-ms="4440" started-at="2020-08-09T08:12:27Z" finished-at="2020-08-09T08:12:31Z">
          <reporter-output>
          </reporter-output>
        </test-method> <!-- tearDown -->
      </class> <!-- Signup -->
    </test> <!-- Default test -->
  </suite> <!-- Default suite -->
</testng-results>
